Flow report for bomb_game
Fri Dec 18 13:32:47 2015
Quartus II 64-Bit Version 13.0.1 Build 232 06/12/2013 Service Pack 1 SJ Web Edition


---------------------
; Table of Contents ;
---------------------
  1. Legal Notice
  2. Flow Summary
  3. Flow Settings
  4. Flow Non-Default Global Settings
  5. Flow Elapsed Time
  6. Flow OS Summary
  7. Flow Log
  8. Flow Messages
  9. Flow Suppressed Messages



----------------
; Legal Notice ;
----------------
Copyright (C) 1991-2013 Altera Corporation
Your use of Altera Corporation's design tools, logic functions 
and other software and tools, and its AMPP partner logic 
functions, and any output files from any of the foregoing 
(including device programming or simulation files), and any 
associated documentation or information are expressly subject 
to the terms and conditions of the Altera Program License 
Subscription Agreement, Altera MegaCore Function License 
Agreement, or other applicable license agreement, including, 
without limitation, that your use is for the sole purpose of 
programming logic devices manufactured by Altera and sold by 
Altera or its authorized distributors.  Please refer to the 
applicable agreement for further details.



+--------------------------------------------------------------------------------------+
; Flow Summary                                                                         ;
+------------------------------------+-------------------------------------------------+
; Flow Status                        ; Successful - Fri Dec 18 13:32:42 2015           ;
; Quartus II 64-Bit Version          ; 13.0.1 Build 232 06/12/2013 SP 1 SJ Web Edition ;
; Revision Name                      ; bomb_game                                       ;
; Top-level Entity Name              ; bomb_game                                       ;
; Family                             ; Cyclone II                                      ;
; Device                             ; EP2C35F672C6                                    ;
; Timing Models                      ; Final                                           ;
; Total logic elements               ; 456 / 33,216 ( 1 % )                            ;
;     Total combinational functions  ; 406 / 33,216 ( 1 % )                            ;
;     Dedicated logic registers      ; 176 / 33,216 ( < 1 % )                          ;
; Total registers                    ; 176                                             ;
; Total pins                         ; 11 / 475 ( 2 % )                                ;
; Total virtual pins                 ; 0                                               ;
; Total memory bits                  ; 65,536 / 483,840 ( 14 % )                       ;
; Embedded Multiplier 9-bit elements ; 0 / 70 ( 0 % )                                  ;
; Total PLLs                         ; 1 / 4 ( 25 % )                                  ;
+------------------------------------+-------------------------------------------------+


+-----------------------------------------+
; Flow Settings                           ;
+-------------------+---------------------+
; Option            ; Setting             ;
+-------------------+---------------------+
; Start date & time ; 12/18/2015 13:32:08 ;
; Main task         ; Compilation         ;
; Revision Name     ; bomb_game           ;
+-------------------+---------------------+


+----------------------------------------------------------------------------------------------------------------+
; Flow Non-Default Global Settings                                                                               ;
+-------------------------------------+-------------------------------+---------------+-------------+------------+
; Assignment Name                     ; Value                         ; Default Value ; Entity Name ; Section Id ;
+-------------------------------------+-------------------------------+---------------+-------------+------------+
; COMPILER_SIGNATURE_ID               ; 9218713967040.145041312704128 ; --            ; --          ; --         ;
; IP_TOOL_NAME                        ; RAM: 2-PORT                   ; --            ; --          ; --         ;
; IP_TOOL_NAME                        ; LPM_COUNTER                   ; --            ; --          ; --         ;
; IP_TOOL_NAME                        ; LPM_COUNTER                   ; --            ; --          ; --         ;
; IP_TOOL_NAME                        ; LPM_COUNTER                   ; --            ; --          ; --         ;
; IP_TOOL_NAME                        ; RAM: 2-PORT                   ; --            ; --          ; --         ;
; IP_TOOL_VERSION                     ; 13.0                          ; --            ; --          ; --         ;
; IP_TOOL_VERSION                     ; 13.0                          ; --            ; --          ; --         ;
; IP_TOOL_VERSION                     ; 13.0                          ; --            ; --          ; --         ;
; IP_TOOL_VERSION                     ; 13.0                          ; --            ; --          ; --         ;
; IP_TOOL_VERSION                     ; 13.0                          ; --            ; --          ; --         ;
; MAX_CORE_JUNCTION_TEMP              ; 85                            ; --            ; --          ; --         ;
; MIN_CORE_JUNCTION_TEMP              ; 0                             ; --            ; --          ; --         ;
; MISC_FILE                           ; ram_2port.bsf                 ; --            ; --          ; --         ;
; MISC_FILE                           ; ram_2port_inst.vhd            ; --            ; --          ; --         ;
; MISC_FILE                           ; ram_2port.inc                 ; --            ; --          ; --         ;
; MISC_FILE                           ; ram_2port.cmp                 ; --            ; --          ; --         ;
; MISC_FILE                           ; ram_2port_syn.v               ; --            ; --          ; --         ;
; MISC_FILE                           ; counter_16.bsf                ; --            ; --          ; --         ;
; MISC_FILE                           ; counter_16_inst.vhd           ; --            ; --          ; --         ;
; MISC_FILE                           ; counter_16.inc                ; --            ; --          ; --         ;
; MISC_FILE                           ; counter_16.cmp                ; --            ; --          ; --         ;
; MISC_FILE                           ; counter_16_syn.v              ; --            ; --          ; --         ;
; MISC_FILE                           ; counter_24.bsf                ; --            ; --          ; --         ;
; MISC_FILE                           ; counter_24_inst.vhd           ; --            ; --          ; --         ;
; MISC_FILE                           ; counter_24.inc                ; --            ; --          ; --         ;
; MISC_FILE                           ; counter_24.cmp                ; --            ; --          ; --         ;
; MISC_FILE                           ; counter_24_syn.v              ; --            ; --          ; --         ;
; MISC_FILE                           ; counter_30.bsf                ; --            ; --          ; --         ;
; MISC_FILE                           ; counter_30_inst.vhd           ; --            ; --          ; --         ;
; MISC_FILE                           ; counter_30.inc                ; --            ; --          ; --         ;
; MISC_FILE                           ; counter_30.cmp                ; --            ; --          ; --         ;
; MISC_FILE                           ; counter_30_syn.v              ; --            ; --          ; --         ;
; MISC_FILE                           ; ram_2.bsf                     ; --            ; --          ; --         ;
; MISC_FILE                           ; ram_2_inst.vhd                ; --            ; --          ; --         ;
; MISC_FILE                           ; ram_2.inc                     ; --            ; --          ; --         ;
; MISC_FILE                           ; ram_2.cmp                     ; --            ; --          ; --         ;
; MISC_FILE                           ; ram_2_syn.v                   ; --            ; --          ; --         ;
; PARTITION_COLOR                     ; 16764057                      ; --            ; --          ; Top        ;
; PARTITION_FITTER_PRESERVATION_LEVEL ; PLACEMENT_AND_ROUTING         ; --            ; --          ; Top        ;
; PARTITION_NETLIST_TYPE              ; SOURCE                        ; --            ; --          ; Top        ;
; PROJECT_OUTPUT_DIRECTORY            ; output_files                  ; --            ; --          ; --         ;
+-------------------------------------+-------------------------------+---------------+-------------+------------+


+-------------------------------------------------------------------------------------------------------------------------------+
; Flow Elapsed Time                                                                                                             ;
+---------------------------+--------------+-------------------------+---------------------+------------------------------------+
; Module Name               ; Elapsed Time ; Average Processors Used ; Peak Virtual Memory ; Total CPU Time (on all processors) ;
+---------------------------+--------------+-------------------------+---------------------+------------------------------------+
; Analysis & Synthesis      ; 00:00:07     ; 1.0                     ; 521 MB              ; 00:00:05                           ;
; Fitter                    ; 00:00:19     ; 1.0                     ; 675 MB              ; 00:00:17                           ;
; Assembler                 ; 00:00:04     ; 1.0                     ; 433 MB              ; 00:00:03                           ;
; TimeQuest Timing Analyzer ; 00:00:04     ; 1.0                     ; 409 MB              ; 00:00:02                           ;
; Total                     ; 00:00:34     ; --                      ; --                  ; 00:00:27                           ;
+---------------------------+--------------+-------------------------+---------------------+------------------------------------+


+----------------------------------------------------------------------------------------+
; Flow OS Summary                                                                        ;
+---------------------------+------------------+-----------+------------+----------------+
; Module Name               ; Machine Hostname ; OS Name   ; OS Version ; Processor type ;
+---------------------------+------------------+-----------+------------+----------------+
; Analysis & Synthesis      ; HAKJONG-PC       ; Windows 7 ; 6.2        ; x86_64         ;
; Fitter                    ; HAKJONG-PC       ; Windows 7 ; 6.2        ; x86_64         ;
; Assembler                 ; HAKJONG-PC       ; Windows 7 ; 6.2        ; x86_64         ;
; TimeQuest Timing Analyzer ; HAKJONG-PC       ; Windows 7 ; 6.2        ; x86_64         ;
+---------------------------+------------------+-----------+------------+----------------+


------------
; Flow Log ;
------------
quartus_map --read_settings_files=on --write_settings_files=off bomb_game -c bomb_game
quartus_fit --read_settings_files=off --write_settings_files=off bomb_game -c bomb_game
quartus_asm --read_settings_files=off --write_settings_files=off bomb_game -c bomb_game
quartus_sta bomb_game -c bomb_game



